[00:45:18] [ServerMain/INFO]: Environment: authHost='https://authserver.mojang.com', accountsHost='https://api.mojang.com', sessionHost='https://sessionserver.mojang.com', servicesHost='https://api.minecraftservices.com', name='PROD'
[00:45:20] [Worker-Main-2/INFO]: Loaded 7 recipes
[00:45:20] [Server thread/INFO]: Starting minecraft server version 1.18.2
[00:45:20] [Server thread/INFO]: Loading properties
[00:45:20] [Server thread/INFO]: This server is running Paper version git-Paper-372 (MC: 1.18.2) (Implementing API version 1.18.2-R0.1-SNAPSHOT) (Git: bed5cb2)
[00:45:20] [Server thread/INFO]: Server Ping Player Sample Count: 12
[00:45:20] [Server thread/INFO]: Using 4 threads for Netty based IO
[00:45:20] [Server thread/INFO]: Default game type: SURVIVAL
[00:45:20] [Server thread/INFO]: Generating keypair
[00:45:21] [Server thread/INFO]: Starting Minecraft server on *:25565
[00:45:21] [Server thread/INFO]: Using default channel type
[00:45:21] [Server thread/INFO]: Paper: Using Java 11 compression from Velocity.
[00:45:21] [Server thread/INFO]: Paper: Using Java cipher from Velocity.
[00:45:21] [Server thread/ERROR]: [STDERR] [org.bukkit.craftbukkit.v1_18_R2.legacy.CraftLegacy] Initializing Legacy Material Support. Unless you have legacy plugins and/or data this is a bug!
[00:45:23] [Server thread/WARN]: Legacy plugin isSlimeChunk v1.0.1 does not specify an api-version.
[00:45:23] [Server thread/WARN]: Legacy plugin SimpleSit v1.7 does not specify an api-version.
[00:45:23] [Server thread/INFO]: [MarriageMaster] Loading MarriageMaster v2.6.8-Release
[00:45:23] [Server thread/INFO]: [MarriageMaster] PCGF-PluginLib not installed. Switching to standalone mode!
[00:45:23] [Server thread/INFO]: [MarriageMaster] File "/IMessage.jar" extracted successfully!
[00:45:23] [Server thread/INFO]: [UltimateTimber] Loading UltimateTimber v2.3.4
[00:45:23] [Server thread/INFO]: [SkinsRestorer] Loading SkinsRestorer v14.2.4
[00:45:23] [Server thread/INFO]: [WorldEdit] Loading WorldEdit v7.2.10+1742f98
[00:45:23] [Server thread/INFO]: Got request to register class com.sk89q.worldedit.bukkit.BukkitServerInterface with WorldEdit [com.sk89q.worldedit.extension.platform.PlatformManager@285f248a]
[00:45:23] [Server thread/INFO]: [HealthBar] Loading HealthBar v1.8.1
[00:45:23] [Server thread/INFO]: [PixelPrinter] Loading PixelPrinter v1.0.46
[00:45:23] [Server thread/INFO]: [Essentials] Loading Essentials v2.19.7
[00:45:23] [Server thread/INFO]: [isSlimeChunk] Loading isSlimeChunk v1.0.1
[00:45:23] [Server thread/INFO]: [BlockLocker] Loading BlockLocker v1.11
[00:45:23] [Server thread/INFO]: [SimpleSit] Loading SimpleSit v1.7
[00:45:23] [Server thread/INFO]: [DivineDrop] Loading DivineDrop v2.9
[00:45:23] [Server thread/INFO]: [SinglePlayerSleep] Loading SinglePlayerSleep v1.13_2.13.48
[00:45:23] [Server thread/INFO]: Server permissions file permissions.yml is empty, ignoring it
[00:45:23] [Server thread/INFO]: [WorldEdit] Enabling WorldEdit v7.2.10+1742f98
[00:45:23] [Server thread/INFO]: Registering commands with com.sk89q.worldedit.bukkit.BukkitServerInterface
[00:45:23] [Server thread/INFO]: WEPIF: Using the Bukkit Permissions API.
[00:45:24] [Server thread/INFO]: Using com.sk89q.worldedit.bukkit.adapter.impl.v1_18_R2.PaperweightAdapter as the Bukkit adapter
[00:45:24] [Server thread/INFO]: [BlockLocker] Enabling BlockLocker v1.11
[00:45:24] [Server thread/WARN]: [BlockLocker] Cannot recognize material mangrove_door, ignoring it
[00:45:24] [Server thread/WARN]: [BlockLocker] Cannot recognize material mangrove_fence_gate, ignoring it
[00:45:24] [Server thread/WARN]: [BlockLocker] Cannot recognize material mangrove_trapdoor, ignoring it
[00:45:24] [Server thread/WARN]: **** SERVER IS RUNNING IN OFFLINE/INSECURE MODE!
[00:45:24] [Server thread/WARN]: The server will make no attempt to authenticate usernames. Beware.
[00:45:24] [Server thread/WARN]: While this makes the game possible to play without internet access, it also opens up the ability for hackers to connect with any username they choose.
[00:45:24] [Server thread/WARN]: To change this, set "online-mode" to "true" in the server.properties file.
[00:45:24] [Server thread/INFO]: Preparing level "world"
[00:45:25] [Server thread/INFO]: Preparing start region for dimension minecraft:overworld
[00:45:25] [Server thread/INFO]: Time elapsed: 144 ms
[00:45:25] [Server thread/INFO]: Preparing start region for dimension minecraft:the_nether
[00:45:25] [Server thread/INFO]: Time elapsed: 36 ms
[00:45:25] [Server thread/INFO]: Preparing start region for dimension minecraft:the_end
[00:45:25] [Server thread/INFO]: Time elapsed: 37 ms
[00:45:25] [Server thread/INFO]: [MarriageMaster] Enabling MarriageMaster v2.6.8-Release
[00:45:25] [Server thread/INFO]: [MarriageMaster] Starting Marriage Master in standalone mode!
[00:45:25] [Server thread/INFO]: [MarriageMaster] [32mConfig file successfully loaded.[0m
[00:45:25] [Server thread/INFO]: [MarriageMaster] No compatible backpack plugin found.
[00:45:25] [Server thread/INFO]: [MarriageMaster] [32mLanguage file successfully loaded. Language: English  Author: GeorgH93[0m
[00:45:25] [Server thread/INFO]: [at.pcgamingfreaks.MarriageMasterStandalone.libs.com.zaxxer.hikari.HikariDataSource] MarriageMaster-Connection-Pool - Starting...
[00:45:25] [Server thread/INFO]: [at.pcgamingfreaks.MarriageMasterStandalone.libs.com.zaxxer.hikari.HikariDataSource] MarriageMaster-Connection-Pool - Start completed.
[00:45:25] [Thread-9/INFO]: [MarriageMaster] Loading marriages ...
[00:45:25] [Thread-9/INFO]: [MarriageMaster] Marriages loaded
[00:45:25] [Thread-9/INFO]: [MarriageMaster] Loading priests ...
[00:45:25] [Thread-9/INFO]: [MarriageMaster] Priests loaded
[00:45:25] [Thread-9/INFO]: [MarriageMaster] Loading players ...
[00:45:25] [Thread-9/INFO]: [MarriageMaster] Players loaded
[00:45:25] [Thread-9/INFO]: [MarriageMaster] Writing marriages into cache ...
[00:45:25] [Thread-9/INFO]: [MarriageMaster] Marriages loaded into cache
[00:45:25] [Thread-9/INFO]: [MarriageMaster] Loading homes ...
[00:45:25] [Thread-9/INFO]: [MarriageMaster] Homes loaded
[00:45:26] [Thread-8/WARN]: [MarriageMaster] [31mThe updater could not find any files for the project id 74734 [0m
[00:45:26] [Server thread/INFO]: [MarriageMaster] [32mItem name language file successfully loaded. Language: english  Author: GeorgH93[0m
[00:45:26] [Server thread/INFO]: [MarriageMaster] Loading item translations ...
[00:45:26] [Server thread/INFO]: [MarriageMaster] Finished loading item translations for 828 items.
[00:45:26] [Server thread/INFO]: [MarriageMaster] [32m Marriage Master has been enabled! [33m :) [0m
[00:45:26] [Server thread/INFO]: [UltimateTimber] Enabling UltimateTimber v2.3.4
[00:45:26] [Server thread/INFO]:  
[00:45:26] [Server thread/INFO]: =============================
[00:45:26] [Server thread/INFO]: UltimateTimber 2.3.4 by Songoda <3!
[00:45:26] [Server thread/INFO]: Action: Enabling...
[00:45:26] [Server thread/INFO]: [UltimateTimber] Loaded locale "en_US"
[00:45:26] [Server thread/INFO]: [SongodaCore] [SongodaCore] Hooked UltimateTimber.
[00:45:26] [Server thread/INFO]: =============================
[00:45:26] [Server thread/INFO]:  
[00:45:26] [Server thread/INFO]: [SkinsRestorer] Enabling SkinsRestorer v14.2.4
[00:45:26] [Server thread/INFO]: [33;1m[[32;22mSkinsRestorer[33;1m] [0;39m[32;1mDetected Minecraft [33;1mv1_18_R2[32;1m, using [33;1mPaperSkinRefresher[32;1m.[0;39m
[00:45:27] [Server thread/INFO]: [SkinsRestorer] [ACF] Enabled Asynchronous Tab Completion Support!
[00:45:27] [Server thread/INFO]: [33;1m[[32;22mSkinsRestorer[33;1m] [0;39mUsing paper join listener![0;39m
[00:45:27] [Server thread/INFO]: [HealthBar] Enabling HealthBar v1.8.1
[00:45:27] [Server thread/INFO]: Looking for compatible plugins...
[00:45:27] [Server thread/INFO]: [PixelPrinter] Enabling PixelPrinter v1.0.46
[00:45:27] [Server thread/INFO]: [Essentials] Enabling Essentials v2.19.7
[00:45:27] [Server thread/INFO]: [Essentials] Attempting to convert old kits in config.yml to new kits.yml
[00:45:27] [Server thread/INFO]: [Essentials] No kits found to migrate.
[00:45:27] [Server thread/INFO]: [Essentials] Loaded 38132 items from items.json.
[00:45:27] [Server thread/INFO]: [Essentials] Using locale en_US
[00:45:27] [Server thread/INFO]: [Essentials] ServerListPingEvent: Spigot iterator API
[00:45:27] [Server thread/INFO]: [Essentials] Starting Metrics. Opt-out using the global bStats config.
[00:45:27] [Server thread/INFO]: [Essentials] Using config file enhanced permissions.
[00:45:27] [Server thread/INFO]: [Essentials] Permissions listed in as player-commands will be given to all users.
[00:45:27] [Server thread/INFO]: [isSlimeChunk] Enabling isSlimeChunk v1.0.1*
[00:45:27] [Server thread/INFO]: [SimpleSit] Enabling SimpleSit v1.7*
[00:45:27] [Server thread/INFO]: [DivineDrop] Enabling DivineDrop v2.9
[00:45:27] [Server thread/INFO]: [SinglePlayerSleep] Enabling SinglePlayerSleep v1.13_2.13.48
[00:45:27] [Server thread/INFO]: §a**************************************§r
[00:45:27] [Server thread/INFO]: §eSinglePlayerSleep v1.13_2.13.48§r Loading...
[00:45:27] [Server thread/INFO]: §eSinglePlayerSleep v1.13_2.13.48§r plugins\SinglePlayerSleep\config.yml
[00:45:27] [Server thread/INFO]: Checking for updates...
[00:45:28] [Server thread/INFO]: §eSinglePlayerSleep v1.13_2.13.48§r plugins\SinglePlayerSleep\permissions.yml
[00:45:28] [Server thread/INFO]: §a**************************************§r
[00:45:28] [Server thread/INFO]: §eSinglePlayerSleep v1.13_2.13.48§r is ENABLED
[00:45:28] [Server thread/INFO]: §a**************************************§r
[00:45:28] [Server thread/INFO]: §eSinglePlayerSleep v1.13_2.13.48§r This server is running Paper version git-Paper-372 (MC: 1.18.2) (Implementing API version 1.18.2-R0.1-SNAPSHOT)
[00:45:28] [Server thread/INFO]: §eSinglePlayerSleep v1.13_2.13.48§r vardebug=false debug=false in plugins\SinglePlayerSleep/config.yml
[00:45:28] [Server thread/INFO]: §eSinglePlayerSleep v1.13_2.13.48§r jarfilename=D:\Github\Minecraft_server\minecraft-server\plugins\SinglePlayerSleep-1.13_2.13.48.jar
[00:45:28] [Server thread/INFO]: Running delayed init tasks
[00:45:28] [Server thread/INFO]: Done (8.050s)! For help, type "help"
[00:45:28] [Server thread/INFO]: Stopping server
[00:45:28] [Server thread/INFO]: [SinglePlayerSleep] Disabling SinglePlayerSleep v1.13_2.13.48
[00:45:28] [Craft Scheduler Thread - 4 - Essentials/INFO]: [Essentials] §6Fetching version information...
[00:45:28] [Server thread/INFO]: §a**************************************§r
[00:45:28] [Server thread/INFO]: §eSinglePlayerSleep v1.13_2.13.48§r is DISABLED
[00:45:28] [Server thread/INFO]: §a**************************************§r
[00:45:28] [Server thread/INFO]: [DivineDrop] Disabling DivineDrop v2.9
[00:45:28] [Server thread/INFO]: [SimpleSit] Disabling SimpleSit v1.7
[00:45:28] [Server thread/INFO]: [BlockLocker] Disabling BlockLocker v1.11
[00:45:28] [Server thread/INFO]: [isSlimeChunk] Disabling isSlimeChunk v1.0.1
[00:45:28] [Server thread/INFO]: [Essentials] Disabling Essentials v2.19.7
[00:45:28] [Server thread/INFO]: [PixelPrinter] Disabling PixelPrinter v1.0.46
[00:45:28] [Server thread/INFO]: [HealthBar] Disabling HealthBar v1.8.1
[00:45:28] [Server thread/INFO]: [HealthBar] Configuration file saved.
[00:45:28] [Server thread/INFO]: [WorldEdit] Disabling WorldEdit v7.2.10+1742f98
[00:45:28] [Server thread/INFO]: Unregistering com.sk89q.worldedit.bukkit.BukkitServerInterface from WorldEdit
[00:45:28] [Server thread/INFO]: [SkinsRestorer] Disabling SkinsRestorer v14.2.4
[00:45:28] [Server thread/INFO]: [UltimateTimber] Disabling UltimateTimber v2.3.4
[00:45:28] [Server thread/INFO]:  
[00:45:28] [Server thread/INFO]: =============================
[00:45:28] [Server thread/INFO]: UltimateTimber 2.3.4 by Songoda <3!
[00:45:28] [Server thread/INFO]: Action: Disabling...
[00:45:28] [Server thread/INFO]: =============================
[00:45:28] [Server thread/INFO]:  
[00:45:28] [Server thread/INFO]: [MarriageMaster] Disabling MarriageMaster v2.6.8-Release
[00:45:28] [Server thread/INFO]: [MarriageMaster] Cleaning database cache.
[00:45:28] [Server thread/INFO]: [MarriageMaster] Database cache cleaned.
[00:45:28] [Server thread/INFO]: [at.pcgamingfreaks.MarriageMasterStandalone.libs.com.zaxxer.hikari.HikariDataSource] MarriageMaster-Connection-Pool - Shutdown initiated...
[00:45:28] [Server thread/INFO]: [at.pcgamingfreaks.MarriageMasterStandalone.libs.com.zaxxer.hikari.HikariDataSource] MarriageMaster-Connection-Pool - Shutdown completed.
[00:45:28] [Craft Scheduler Thread - 3 - SkinsRestorer/WARN]: [33;1m[[32;22mSkinsRestorer[33;1m] [0;39mFailed to get release info from api.github.com. 
 If this message is repeated a lot, please see http://skinsrestorer.net/firewall[0;39m
[00:45:28] [Thread-11/WARN]: [MarriageMaster] [31mThe updater could not find any files for the project id 74734 [0m
[00:45:29] [Server thread/INFO]: [MarriageMaster] [31m Marriage Master has been disabled. [33m :( [0m
[00:45:29] [Craft Scheduler Thread - 6 - BlockLocker/WARN]: [BlockLocker] Error during update check (you can disable automatic updates in the config file)
java.io.IOException: java.lang.IllegalStateException: zip file closed
	at nl.rutgerkok.blocklocker.impl.updater.UpdateChecker.checkForUpdatesSync(UpdateChecker.java:50) ~[BlockLocker.jar:?]
	at nl.rutgerkok.blocklocker.impl.updater.Updater.updateSync(Updater.java:133) ~[BlockLocker.jar:?]
	at nl.rutgerkok.blocklocker.impl.updater.Updater.access$1(Updater.java:130) ~[BlockLocker.jar:?]
	at nl.rutgerkok.blocklocker.impl.updater.Updater$1.run(Updater.java:35) ~[BlockLocker.jar:?]
	at org.bukkit.craftbukkit.v1_18_R2.scheduler.CraftTask.run(CraftTask.java:101) ~[paper-1.18.2.jar:git-Paper-372]
	at org.bukkit.craftbukkit.v1_18_R2.scheduler.CraftAsyncTask.run(CraftAsyncTask.java:57) ~[paper-1.18.2.jar:git-Paper-372]
	at com.destroystokyo.paper.ServerSchedulerReportingWrapper.run(ServerSchedulerReportingWrapper.java:22) ~[paper-1.18.2.jar:git-Paper-372]
	at java.util.concurrent.ThreadPoolExecutor.runWorker(ThreadPoolExecutor.java:1136) ~[?:?]
	at java.util.concurrent.ThreadPoolExecutor$Worker.run(ThreadPoolExecutor.java:635) ~[?:?]
	at java.lang.Thread.run(Thread.java:833) ~[?:?]
Caused by: java.lang.IllegalStateException: zip file closed
	at java.util.zip.ZipFile.ensureOpen(ZipFile.java:831) ~[?:?]
	at java.util.zip.ZipFile.getEntry(ZipFile.java:330) ~[?:?]
	at java.util.jar.JarFile.getEntry(JarFile.java:518) ~[?:?]
	at java.util.jar.JarFile.getJarEntry(JarFile.java:473) ~[?:?]
	at org.bukkit.plugin.java.PluginClassLoader.findClass(PluginClassLoader.java:163) ~[paper-api-1.18.2-R0.1-SNAPSHOT.jar:?]
	at java.lang.ClassLoader.loadClass(ClassLoader.java:587) ~[?:?]
	at org.bukkit.plugin.java.PluginClassLoader.loadClass0(PluginClassLoader.java:108) ~[paper-api-1.18.2-R0.1-SNAPSHOT.jar:?]
	at org.bukkit.plugin.java.PluginClassLoader.loadClass(PluginClassLoader.java:103) ~[paper-api-1.18.2-R0.1-SNAPSHOT.jar:?]
	at java.lang.ClassLoader.loadClass(ClassLoader.java:520) ~[?:?]
	at nl.rutgerkok.blocklocker.impl.updater.UpdateChecker.checkForUpdatesSync(UpdateChecker.java:45) ~[BlockLocker.jar:?]
	... 9 more
[00:45:29] [Craft Scheduler Thread - 6 - BlockLocker/WARN]: [BlockLocker] Plugin BlockLocker v1.11 generated an exception while executing task 2
java.lang.IllegalStateException: zip file closed
	at java.util.zip.ZipFile.ensureOpen(ZipFile.java:831) ~[?:?]
	at java.util.zip.ZipFile.getEntry(ZipFile.java:330) ~[?:?]
	at java.util.jar.JarFile.getEntry(JarFile.java:518) ~[?:?]
	at java.util.jar.JarFile.getJarEntry(JarFile.java:473) ~[?:?]
	at org.bukkit.plugin.java.PluginClassLoader.findClass(PluginClassLoader.java:163) ~[paper-api-1.18.2-R0.1-SNAPSHOT.jar:?]
	at java.lang.ClassLoader.loadClass(ClassLoader.java:587) ~[?:?]
	at org.bukkit.plugin.java.PluginClassLoader.loadClass0(PluginClassLoader.java:108) ~[paper-api-1.18.2-R0.1-SNAPSHOT.jar:?]
	at org.bukkit.plugin.java.PluginClassLoader.loadClass(PluginClassLoader.java:103) ~[paper-api-1.18.2-R0.1-SNAPSHOT.jar:?]
	at java.lang.ClassLoader.loadClass(ClassLoader.java:520) ~[?:?]
	at nl.rutgerkok.blocklocker.impl.updater.Updater.updateSync(Updater.java:142) ~[BlockLocker.jar:?]
	at nl.rutgerkok.blocklocker.impl.updater.Updater.access$1(Updater.java:130) ~[BlockLocker.jar:?]
	at nl.rutgerkok.blocklocker.impl.updater.Updater$1.run(Updater.java:35) ~[BlockLocker.jar:?]
	at org.bukkit.craftbukkit.v1_18_R2.scheduler.CraftTask.run(CraftTask.java:101) ~[paper-1.18.2.jar:git-Paper-372]
	at org.bukkit.craftbukkit.v1_18_R2.scheduler.CraftAsyncTask.run(CraftAsyncTask.java:57) ~[paper-1.18.2.jar:git-Paper-372]
	at com.destroystokyo.paper.ServerSchedulerReportingWrapper.run(ServerSchedulerReportingWrapper.java:22) ~[paper-1.18.2.jar:git-Paper-372]
	at java.util.concurrent.ThreadPoolExecutor.runWorker(ThreadPoolExecutor.java:1136) ~[?:?]
	at java.util.concurrent.ThreadPoolExecutor$Worker.run(ThreadPoolExecutor.java:635) ~[?:?]
	at java.lang.Thread.run(Thread.java:833) ~[?:?]
[00:45:32] [Craft Scheduler Thread - 2 - SkinsRestorer/WARN]: [SkinsRestorer] Plugin SkinsRestorer v14.2.4 generated an exception while executing task 15
java.lang.IllegalStateException: zip file closed
	at java.util.zip.ZipFile.ensureOpen(ZipFile.java:831) ~[?:?]
	at java.util.zip.ZipFile.getEntry(ZipFile.java:330) ~[?:?]
	at java.util.jar.JarFile.getEntry(JarFile.java:518) ~[?:?]
	at java.util.jar.JarFile.getJarEntry(JarFile.java:473) ~[?:?]
	at org.bukkit.plugin.java.PluginClassLoader.findClass(PluginClassLoader.java:163) ~[paper-api-1.18.2-R0.1-SNAPSHOT.jar:?]
	at java.lang.ClassLoader.loadClass(ClassLoader.java:587) ~[?:?]
	at org.bukkit.plugin.java.PluginClassLoader.loadClass0(PluginClassLoader.java:108) ~[paper-api-1.18.2-R0.1-SNAPSHOT.jar:?]
	at org.bukkit.plugin.java.PluginClassLoader.loadClass(PluginClassLoader.java:103) ~[paper-api-1.18.2-R0.1-SNAPSHOT.jar:?]
	at java.lang.ClassLoader.loadClass(ClassLoader.java:520) ~[?:?]
	at net.skinsrestorer.shared.utils.connections.MojangAPI.readURL(MojangAPI.java:285) ~[SkinsRestorer.jar:?]
	at net.skinsrestorer.shared.utils.connections.MojangAPI.readURL(MojangAPI.java:271) ~[SkinsRestorer.jar:?]
	at net.skinsrestorer.shared.utils.connections.MojangAPI.getUUIDAshcon(MojangAPI.java:135) ~[SkinsRestorer.jar:?]
	at net.skinsrestorer.shared.utils.connections.ServiceChecker.checkServices(ServiceChecker.java:47) ~[SkinsRestorer.jar:?]
	at net.skinsrestorer.shared.utils.SharedMethods.runServiceCheck(SharedMethods.java:55) ~[SkinsRestorer.jar:?]
	at net.skinsrestorer.bukkit.SkinsRestorerBukkit.lambda$pluginStartup$7(SkinsRestorerBukkit.java:259) ~[SkinsRestorer.jar:?]
	at org.bukkit.craftbukkit.v1_18_R2.scheduler.CraftTask.run(CraftTask.java:101) ~[paper-1.18.2.jar:git-Paper-372]
	at org.bukkit.craftbukkit.v1_18_R2.scheduler.CraftAsyncTask.run(CraftAsyncTask.java:57) ~[paper-1.18.2.jar:git-Paper-372]
	at com.destroystokyo.paper.ServerSchedulerReportingWrapper.run(ServerSchedulerReportingWrapper.java:22) ~[paper-1.18.2.jar:git-Paper-372]
	at java.util.concurrent.ThreadPoolExecutor.runWorker(ThreadPoolExecutor.java:1136) ~[?:?]
	at java.util.concurrent.ThreadPoolExecutor$Worker.run(ThreadPoolExecutor.java:635) ~[?:?]
	at java.lang.Thread.run(Thread.java:833) ~[?:?]
[00:45:34] [Server thread/ERROR]: Nag author: 'Zenexer' of 'Essentials' about the following: This plugin is not properly shutting down its async tasks when it is being shut down. This task may throw errors during the final shutdown logs and might not complete before process dies.
[00:45:34] [Server thread/INFO]: Saving players
[00:45:34] [Server thread/INFO]: Saving worlds
[00:45:34] [Server thread/INFO]: Saving chunks for level 'ServerLevel[world]'/minecraft:overworld
[00:45:34] [Server thread/INFO]: Saving chunks for level 'ServerLevel[world_nether]'/minecraft:the_nether
[00:45:34] [Server thread/INFO]: Saving chunks for level 'ServerLevel[world_the_end]'/minecraft:the_end
[00:45:34] [Server thread/INFO]: ThreadedAnvilChunkStorage (world): All chunks are saved
[00:45:34] [Server thread/INFO]: ThreadedAnvilChunkStorage (DIM-1): All chunks are saved
[00:45:34] [Server thread/INFO]: ThreadedAnvilChunkStorage (DIM1): All chunks are saved
[00:45:34] [Server thread/INFO]: ThreadedAnvilChunkStorage: All dimensions are saved
[00:45:34] [Server thread/INFO]: Flushing Chunk IO
[00:45:34] [Server thread/INFO]: Closing Thread Pool
[00:45:34] [Server thread/INFO]: Closing Server
